<?xml version="1.0" encoding="UTF-8"?>
<!-- Generated by org.testng.reporters.JUnitReportReporter -->
<testsuite hostname="WKWZTP9hkzSNER5" failures="0" tests="1" name="day6.SwapTwo" time="0.005" errors="0" timestamp="2025-03-29T20:48:09 IST" skipped="0">
  <testcase classname="day6.SwapTwo" name="swapTwo" time="0.005"/>
</testsuite> <!-- day6.SwapTwo -->
