<?xml version="1.0" encoding="UTF-8"?>
<!-- Generated by org.testng.reporters.JUnitReportReporter -->
<testsuite hostname="WKWZTP9hkzSNER5" failures="0" tests="1" name="day3.Palindrome" time="0.015" errors="0" timestamp="2025-03-24T17:37:12 IST" skipped="0">
  <testcase classname="day3.Palindrome" name="fun" time="0.015"/>
</testsuite> <!-- day3.Palindrome -->
