<?xml version="1.0" encoding="UTF-8"?>
<!-- Generated by org.testng.reporters.JUnitReportReporter -->
<testsuite hostname="WKWZTP9hkzSNER5" failures="0" tests="1" name="day5.Reversestr" time="0.011" errors="0" timestamp="2025-03-25T11:25:12 IST" skipped="0">
  <testcase classname="day5.Reversestr" name="reverseStr" time="0.011"/>
</testsuite> <!-- day5.Reversestr -->
