<?xml version="1.0" encoding="UTF-8"?>
<!-- Generated by org.testng.reporters.JUnitReportReporter -->
<testsuite hostname="WKWZTP9hkzSNER5" failures="0" tests="1" name="day1.EvenLengthWord" time="0.005" errors="0" timestamp="2025-03-23T23:40:35 IST" skipped="0">
  <testcase classname="day1.EvenLengthWord" name="evenLength" time="0.005"/>
</testsuite> <!-- day1.EvenLengthWord -->
